


ARM Macro Assembler    Page 1 


    1 00000000         ;/******************************************************
                       ***********************
    2 00000000         ; * @file:    startup_LPC8xx.s
    3 00000000         ; * @purpose: CMSIS Cortex-M0+ Core Device Startup File 
                       
    4 00000000         ; *           for the NXP LPC8xx Device Series 
    5 00000000         ; * @version: V1.0
    6 00000000         ; * @date:    16. Aug. 2012
    7 00000000         ; *------- <<< Use Configuration Wizard in Context Menu 
                       >>> ------------------
    8 00000000         ; *
    9 00000000         ; * Copyright (C) 2012 ARM Limited. All rights reserved.
                       
   10 00000000         ; * ARM Limited (ARM) is supplying this software for use
                        with Cortex-M0+ 
   11 00000000         ; * processor based microcontrollers.  This file can be 
                       freely distributed 
   12 00000000         ; * within development tools that are supporting such AR
                       M based processors. 
   13 00000000         ; *
   14 00000000         ; * THIS SOFTWARE IS PROVIDED "AS IS".  NO WARRANTIES, W
                       HETHER EXPRESS, IMPLIED
   15 00000000         ; * OR STATUTORY, INCLUDING, BUT NOT LIMITED TO, IMPLIED
                        WARRANTIES OF
   16 00000000         ; * MERCHANTABILITY AND FITNESS FOR A PARTICULAR PURPOSE
                        APPLY TO THIS SOFTWARE.
   17 00000000         ; * ARM SHALL NOT, IN ANY CIRCUMSTANCES, BE LIABLE FOR S
                       PECIAL, INCIDENTAL, OR
   18 00000000         ; * CONSEQUENTIAL DAMAGES, FOR ANY REASON WHATSOEVER.
   19 00000000         ; *
   20 00000000         ; ******************************************************
                       ***********************/
   21 00000000         
   22 00000000         
   23 00000000         ; <h> Stack Configuration
   24 00000000         ;   <o> Stack Size (in Bytes) <0x0-0xFFFFFFFF:8>
   25 00000000         ; </h>
   26 00000000         
   27 00000000 00000200 
                       Stack_Size
                               EQU              0x00000200
   28 00000000         
   29 00000000                 AREA             STACK, NOINIT, READWRITE, ALIGN
=3
   30 00000000         Stack_Mem
                               SPACE            Stack_Size
   31 00000200         __initial_sp
   32 00000200         
   33 00000200         
   34 00000200         ; <h> Heap Configuration
   35 00000200         ;   <o>  Heap Size (in Bytes) <0x0-0xFFFFFFFF:8>
   36 00000200         ; </h>
   37 00000200         
   38 00000200 00000600 
                       Heap_Size
                               EQU              0x00000600
   39 00000200         
   40 00000200                 AREA             HEAP, NOINIT, READWRITE, ALIGN=
3



ARM Macro Assembler    Page 2 


   41 00000000         __heap_base
   42 00000000         Heap_Mem
                               SPACE            Heap_Size
   43 00000600         __heap_limit
   44 00000600         
   45 00000600         
   46 00000600                 PRESERVE8
   47 00000600                 THUMB
   48 00000600         
   49 00000600         
   50 00000600         ; Vector Table Mapped to Address 0 at Reset
   51 00000600         
   52 00000600                 AREA             RESET, DATA, READONLY
   53 00000000                 EXPORT           __Vectors
   54 00000000         
   55 00000000 00000000 
                       __Vectors
                               DCD              __initial_sp ; Top of Stack
   56 00000004 00000000        DCD              Reset_Handler ; Reset Handler
   57 00000008 00000000        DCD              NMI_Handler ; NMI Handler
   58 0000000C 00000000        DCD              HardFault_Handler ; Hard Fault 
                                                            Handler
   59 00000010 00000000        DCD              0           ; Reserved
   60 00000014 00000000        DCD              0           ; Reserved
   61 00000018 00000000        DCD              0           ; Reserved
   62 0000001C 00000000        DCD              0           ; Reserved
   63 00000020 00000000        DCD              0           ; Reserved
   64 00000024 00000000        DCD              0           ; Reserved
   65 00000028 00000000        DCD              0           ; Reserved
   66 0000002C 00000000        DCD              SVC_Handler ; SVCall Handler
   67 00000030 00000000        DCD              0           ; Reserved
   68 00000034 00000000        DCD              0           ; Reserved
   69 00000038 00000000        DCD              PendSV_Handler ; PendSV Handler
                                                            
   70 0000003C 00000000        DCD              SysTick_Handler 
                                                            ; SysTick Handler
   71 00000040         
   72 00000040         ; External Interrupts
   73 00000040 00000000        DCD              SPI0_IRQHandler 
                                                            ; SPI0 controller
   74 00000044 00000000        DCD              SPI1_IRQHandler 
                                                            ; SPI1 controller
   75 00000048 00000000        DCD              0           ; Reserved         
                                                                          
   76 0000004C 00000000        DCD              UART0_IRQHandler ; UART0       
                                                                  
   77 00000050 00000000        DCD              UART1_IRQHandler 
                                                            ; UART1            
                                                            
   78 00000054 00000000        DCD              UART2_IRQHandler ; UART2
   79 00000058 00000000        DCD              0           ; Reserved
   80 0000005C 00000000        DCD              0           ; Reserved         
                                                                 
   81 00000060 00000000        DCD              I2C_IRQHandler ; I2C controller
                                                                               
                                                                  
   82 00000064 00000000        DCD              SCT_IRQHandler ; Smart Counter 
                                                            Timer              
                                                                      



ARM Macro Assembler    Page 3 


   83 00000068 00000000        DCD              MRT_IRQHandler 
                                                            ; Multi-Rate Timer
   84 0000006C 00000000        DCD              CMP_IRQHandler ; Comparator
   85 00000070 00000000        DCD              WDT_IRQHandler ; PIO1 (0:11)
   86 00000074 00000000        DCD              BOD_IRQHandler ; Brown Out Dete
                                                            ct                
   87 00000078 00000000        DCD              FLASH_IRQHandler ; Non-Volatile
                                                             Memory Controller 
                                                                          
   88 0000007C 00000000        DCD              WKT_IRQHandler ; Wakeup timer
   89 00000080 00000000        DCD              0           ; Reserved 
   90 00000084 00000000        DCD              0           ; Reserved 
   91 00000088 00000000        DCD              0           ; Reserved 
   92 0000008C 00000000        DCD              0           ; Reserved 
   93 00000090 00000000        DCD              0           ; Reserved 
   94 00000094 00000000        DCD              0           ; Reserved 
   95 00000098 00000000        DCD              0           ; Reserved 
   96 0000009C 00000000        DCD              0           ; Reserved 
   97 000000A0 00000000        DCD              PIN_INT0_IRQHandler ; PIO INT0
   98 000000A4 00000000        DCD              PIN_INT1_IRQHandler ; PIO INT1
   99 000000A8 00000000        DCD              PIN_INT2_IRQHandler ; PIO INT2
  100 000000AC 00000000        DCD              PIN_INT3_IRQHandler ; PIO INT3
  101 000000B0 00000000        DCD              PIN_INT4_IRQHandler ; PIO INT4
  102 000000B4 00000000        DCD              PIN_INT5_IRQHandler ; PIO INT5
  103 000000B8 00000000        DCD              PIN_INT6_IRQHandler ; PIO INT6
  104 000000BC 00000000        DCD              PIN_INT7_IRQHandler ; PIO INT7
  105 000000C0         
  106 000000C0         ;//   <h> Code Read Protection level (CRP)
  107 000000C0         ;//     <o>    CRP_Level:
  108 000000C0         ;//                     <0xFFFFFFFF=> Disabled
  109 000000C0         ;//                     <0x4E697370=> NO_ISP
  110 000000C0         ;//                     <0x12345678=> CRP1
  111 000000C0         ;//                     <0x87654321=> CRP2
  112 000000C0         ;//                     <0x43218765=> CRP3 (Are you sure
                       ?)
  113 000000C0         ;//   </h>
  114 000000C0 FFFFFFFF 
                       CRP_Level
                               EQU              0xFFFFFFFF
  115 000000C0         
  116 000000C0                 IF               :LNOT::DEF:NO_CRP
  117 000000C0                 AREA             |.ARM.__at_0x02FC|, CODE, READO
NLY
  118 00000000 FFFFFFFF 
                       CRP_Key DCD              CRP_Level
  119 00000004                 ENDIF
  120 00000004         
  121 00000004         
  122 00000004                 AREA             |.text|, CODE, READONLY
  123 00000000         
  124 00000000         
  125 00000000         ; Reset Handler
  126 00000000         
  127 00000000         Reset_Handler
                               PROC
  128 00000000                 EXPORT           Reset_Handler             [WEAK
]
  129 00000000                 IMPORT           SystemInit
  130 00000000                 IMPORT           __main



ARM Macro Assembler    Page 4 


  131 00000000         
  132 00000000         
  133 00000000 4803            LDR              R0, =__main
  134 00000002 4700            BX               R0
  135 00000004                 ENDP
  136 00000004         
  137 00000004         
  138 00000004         ; Dummy Exception Handlers (infinite loops which can be 
                       modified)                
  139 00000004         ; now, under COMMON lpc8xx_nmi.c and lpc8xx_nmi.h, a rea
                       l NMI handler is created if NMI is enabled 
  140 00000004         ; for particular peripheral.
  141 00000004         ;NMI_Handler     PROC
  142 00000004         ;                EXPORT  NMI_Handler               [WEAK
                       ]
  143 00000004         ;                B       .
  144 00000004         ;                ENDP
  146 00000004         HardFault_Handler
                               PROC
  147 00000004                 EXPORT           HardFault_Handler         [WEAK
]
  148 00000004 E7FE            B                .
  149 00000006                 ENDP
  150 00000006         SVC_Handler
                               PROC
  151 00000006                 EXPORT           SVC_Handler               [WEAK
]
  152 00000006 E7FE            B                .
  153 00000008                 ENDP
  154 00000008         PendSV_Handler
                               PROC
  155 00000008                 EXPORT           PendSV_Handler            [WEAK
]
  156 00000008 E7FE            B                .
  157 0000000A                 ENDP
  158 0000000A         SysTick_Handler
                               PROC
  159 0000000A                 EXPORT           SysTick_Handler           [WEAK
]
  160 0000000A E7FE            B                .
  161 0000000C                 ENDP
  162 0000000C         
  163 0000000C         Default_Handler
                               PROC
  164 0000000C         
  165 0000000C                 EXPORT           NMI_Handler               [WEAK
]
  166 0000000C                 EXPORT           SPI0_IRQHandler           [WEAK
]
  167 0000000C                 EXPORT           SPI1_IRQHandler           [WEAK
]
  168 0000000C                 EXPORT           UART0_IRQHandler          [WEAK
]
  169 0000000C                 EXPORT           UART1_IRQHandler          [WEAK
]
  170 0000000C                 EXPORT           UART2_IRQHandler          [WEAK
]
  171 0000000C                 EXPORT           I2C_IRQHandler            [WEAK
]



ARM Macro Assembler    Page 5 


  172 0000000C                 EXPORT           SCT_IRQHandler            [WEAK
]
  173 0000000C                 EXPORT           MRT_IRQHandler            [WEAK
]
  174 0000000C                 EXPORT           CMP_IRQHandler            [WEAK
]
  175 0000000C                 EXPORT           WDT_IRQHandler            [WEAK
]
  176 0000000C                 EXPORT           BOD_IRQHandler            [WEAK
]
  177 0000000C                 EXPORT           FLASH_IRQHandler          [WEAK
]
  178 0000000C                 EXPORT           WKT_IRQHandler            [WEAK
]
  179 0000000C         
  180 0000000C                 EXPORT           PIN_INT0_IRQHandler       [WEAK
]
  181 0000000C                 EXPORT           PIN_INT1_IRQHandler       [WEAK
]
  182 0000000C                 EXPORT           PIN_INT2_IRQHandler       [WEAK
]
  183 0000000C                 EXPORT           PIN_INT3_IRQHandler       [WEAK
]
  184 0000000C                 EXPORT           PIN_INT4_IRQHandler       [WEAK
]
  185 0000000C                 EXPORT           PIN_INT5_IRQHandler       [WEAK
]
  186 0000000C                 EXPORT           PIN_INT6_IRQHandler       [WEAK
]
  187 0000000C                 EXPORT           PIN_INT7_IRQHandler       [WEAK
]
  188 0000000C         
  189 0000000C         NMI_Handler
  190 0000000C         SPI0_IRQHandler
  191 0000000C         SPI1_IRQHandler
  192 0000000C         UART0_IRQHandler
  193 0000000C         UART1_IRQHandler
  194 0000000C         UART2_IRQHandler
  195 0000000C         I2C_IRQHandler
  196 0000000C         SCT_IRQHandler
  197 0000000C         MRT_IRQHandler
  198 0000000C         CMP_IRQHandler
  199 0000000C         WDT_IRQHandler
  200 0000000C         BOD_IRQHandler
  201 0000000C         FLASH_IRQHandler
  202 0000000C         WKT_IRQHandler
  203 0000000C         PIN_INT0_IRQHandler
  204 0000000C         PIN_INT1_IRQHandler
  205 0000000C         PIN_INT2_IRQHandler
  206 0000000C         PIN_INT3_IRQHandler
  207 0000000C         PIN_INT4_IRQHandler
  208 0000000C         PIN_INT5_IRQHandler
  209 0000000C         PIN_INT6_IRQHandler
  210 0000000C         PIN_INT7_IRQHandler
  211 0000000C         
  212 0000000C E7FE            B                .
  213 0000000E         
  214 0000000E                 ENDP
  215 0000000E         



ARM Macro Assembler    Page 6 


  216 0000000E         
  217 0000000E 00 00           ALIGN
  218 00000010         
  219 00000010         
  220 00000010         ; User Initial Stack & Heap
  221 00000010         
  222 00000010                 IF               :DEF:__MICROLIB
  223 00000010         
  224 00000010                 EXPORT           __initial_sp
  225 00000010                 EXPORT           __heap_base
  226 00000010                 EXPORT           __heap_limit
  227 00000010         
  228 00000010                 ELSE
  242                          ENDIF
  243 00000010         
  244 00000010         
  245 00000010                 END
              00000000 
Command Line: --debug --xref --diag_suppress=9931 --cpu=Cortex-M0+ --apcs=inter
work --depend=.\keil_output\keil_freertos_startup_lpc82x.d -o.\keil_output\keil
_freertos_startup_lpc82x.o -IE:\光盘资料\2015\freescale\lpc8xx\驱动\app_example
\freertos_blinky\RTE -IF:\Keil_v5\ARM\PACK\Keil\LPC800_DFP\1.2.0\Device\Include
 -IF:\Keil_v5\ARM\CMSIS\Include --predefine="__MICROLIB SETA 1" --predefine="__
UVISION_VERSION SETA 514" --predefine="LPC824M201JHI33 SETA 1" --list=.\keil_ou
tput\keil_freertos_startup_lpc82x.lst keil_freertos_startup_lpc82x.s



ARM Macro Assembler    Page 1 Alphabetic symbol ordering
Relocatable symbols

STACK 00000000

Symbol: STACK
   Definitions
      At line 29 in file keil_freertos_startup_lpc82x.s
   Uses
      None
Comment: STACK unused
Stack_Mem 00000000

Symbol: Stack_Mem
   Definitions
      At line 30 in file keil_freertos_startup_lpc82x.s
   Uses
      None
Comment: Stack_Mem unused
__initial_sp 00000200

Symbol: __initial_sp
   Definitions
      At line 31 in file keil_freertos_startup_lpc82x.s
   Uses
      At line 55 in file keil_freertos_startup_lpc82x.s
      At line 224 in file keil_freertos_startup_lpc82x.s

3 symbols



ARM Macro Assembler    Page 1 Alphabetic symbol ordering
Relocatable symbols

HEAP 00000000

Symbol: HEAP
   Definitions
      At line 40 in file keil_freertos_startup_lpc82x.s
   Uses
      None
Comment: HEAP unused
Heap_Mem 00000000

Symbol: Heap_Mem
   Definitions
      At line 42 in file keil_freertos_startup_lpc82x.s
   Uses
      None
Comment: Heap_Mem unused
__heap_base 00000000

Symbol: __heap_base
   Definitions
      At line 41 in file keil_freertos_startup_lpc82x.s
   Uses
      At line 225 in file keil_freertos_startup_lpc82x.s
Comment: __heap_base used once
__heap_limit 00000600

Symbol: __heap_limit
   Definitions
      At line 43 in file keil_freertos_startup_lpc82x.s
   Uses
      At line 226 in file keil_freertos_startup_lpc82x.s
Comment: __heap_limit used once
4 symbols



ARM Macro Assembler    Page 1 Alphabetic symbol ordering
Relocatable symbols

RESET 00000000

Symbol: RESET
   Definitions
      At line 52 in file keil_freertos_startup_lpc82x.s
   Uses
      None
Comment: RESET unused
__Vectors 00000000

Symbol: __Vectors
   Definitions
      At line 55 in file keil_freertos_startup_lpc82x.s
   Uses
      At line 53 in file keil_freertos_startup_lpc82x.s
Comment: __Vectors used once
2 symbols



ARM Macro Assembler    Page 1 Alphabetic symbol ordering
Relocatable symbols

.ARM.__at_0x02FC 00000000

Symbol: .ARM.__at_0x02FC
   Definitions
      At line 117 in file keil_freertos_startup_lpc82x.s
   Uses
      None
Comment: .ARM.__at_0x02FC unused
CRP_Key 00000000

Symbol: CRP_Key
   Definitions
      At line 118 in file keil_freertos_startup_lpc82x.s
   Uses
      None
Comment: CRP_Key unused
2 symbols



ARM Macro Assembler    Page 1 Alphabetic symbol ordering
Relocatable symbols

.text 00000000

Symbol: .text
   Definitions
      At line 122 in file keil_freertos_startup_lpc82x.s
   Uses
      None
Comment: .text unused
BOD_IRQHandler 0000000C

Symbol: BOD_IRQHandler
   Definitions
      At line 200 in file keil_freertos_startup_lpc82x.s
   Uses
      At line 86 in file keil_freertos_startup_lpc82x.s
      At line 176 in file keil_freertos_startup_lpc82x.s

CMP_IRQHandler 0000000C

Symbol: CMP_IRQHandler
   Definitions
      At line 198 in file keil_freertos_startup_lpc82x.s
   Uses
      At line 84 in file keil_freertos_startup_lpc82x.s
      At line 174 in file keil_freertos_startup_lpc82x.s

Default_Handler 0000000C

Symbol: Default_Handler
   Definitions
      At line 163 in file keil_freertos_startup_lpc82x.s
   Uses
      None
Comment: Default_Handler unused
FLASH_IRQHandler 0000000C

Symbol: FLASH_IRQHandler
   Definitions
      At line 201 in file keil_freertos_startup_lpc82x.s
   Uses
      At line 87 in file keil_freertos_startup_lpc82x.s
      At line 177 in file keil_freertos_startup_lpc82x.s

HardFault_Handler 00000004

Symbol: HardFault_Handler
   Definitions
      At line 146 in file keil_freertos_startup_lpc82x.s
   Uses
      At line 58 in file keil_freertos_startup_lpc82x.s
      At line 147 in file keil_freertos_startup_lpc82x.s

I2C_IRQHandler 0000000C

Symbol: I2C_IRQHandler
   Definitions
      At line 195 in file keil_freertos_startup_lpc82x.s
   Uses
      At line 81 in file keil_freertos_startup_lpc82x.s



ARM Macro Assembler    Page 2 Alphabetic symbol ordering
Relocatable symbols

      At line 171 in file keil_freertos_startup_lpc82x.s

MRT_IRQHandler 0000000C

Symbol: MRT_IRQHandler
   Definitions
      At line 197 in file keil_freertos_startup_lpc82x.s
   Uses
      At line 83 in file keil_freertos_startup_lpc82x.s
      At line 173 in file keil_freertos_startup_lpc82x.s

NMI_Handler 0000000C

Symbol: NMI_Handler
   Definitions
      At line 189 in file keil_freertos_startup_lpc82x.s
   Uses
      At line 57 in file keil_freertos_startup_lpc82x.s
      At line 165 in file keil_freertos_startup_lpc82x.s

PIN_INT0_IRQHandler 0000000C

Symbol: PIN_INT0_IRQHandler
   Definitions
      At line 203 in file keil_freertos_startup_lpc82x.s
   Uses
      At line 97 in file keil_freertos_startup_lpc82x.s
      At line 180 in file keil_freertos_startup_lpc82x.s

PIN_INT1_IRQHandler 0000000C

Symbol: PIN_INT1_IRQHandler
   Definitions
      At line 204 in file keil_freertos_startup_lpc82x.s
   Uses
      At line 98 in file keil_freertos_startup_lpc82x.s
      At line 181 in file keil_freertos_startup_lpc82x.s

PIN_INT2_IRQHandler 0000000C

Symbol: PIN_INT2_IRQHandler
   Definitions
      At line 205 in file keil_freertos_startup_lpc82x.s
   Uses
      At line 99 in file keil_freertos_startup_lpc82x.s
      At line 182 in file keil_freertos_startup_lpc82x.s

PIN_INT3_IRQHandler 0000000C

Symbol: PIN_INT3_IRQHandler
   Definitions
      At line 206 in file keil_freertos_startup_lpc82x.s
   Uses
      At line 100 in file keil_freertos_startup_lpc82x.s
      At line 183 in file keil_freertos_startup_lpc82x.s

PIN_INT4_IRQHandler 0000000C

Symbol: PIN_INT4_IRQHandler



ARM Macro Assembler    Page 3 Alphabetic symbol ordering
Relocatable symbols

   Definitions
      At line 207 in file keil_freertos_startup_lpc82x.s
   Uses
      At line 101 in file keil_freertos_startup_lpc82x.s
      At line 184 in file keil_freertos_startup_lpc82x.s

PIN_INT5_IRQHandler 0000000C

Symbol: PIN_INT5_IRQHandler
   Definitions
      At line 208 in file keil_freertos_startup_lpc82x.s
   Uses
      At line 102 in file keil_freertos_startup_lpc82x.s
      At line 185 in file keil_freertos_startup_lpc82x.s

PIN_INT6_IRQHandler 0000000C

Symbol: PIN_INT6_IRQHandler
   Definitions
      At line 209 in file keil_freertos_startup_lpc82x.s
   Uses
      At line 103 in file keil_freertos_startup_lpc82x.s
      At line 186 in file keil_freertos_startup_lpc82x.s

PIN_INT7_IRQHandler 0000000C

Symbol: PIN_INT7_IRQHandler
   Definitions
      At line 210 in file keil_freertos_startup_lpc82x.s
   Uses
      At line 104 in file keil_freertos_startup_lpc82x.s
      At line 187 in file keil_freertos_startup_lpc82x.s

PendSV_Handler 00000008

Symbol: PendSV_Handler
   Definitions
      At line 154 in file keil_freertos_startup_lpc82x.s
   Uses
      At line 69 in file keil_freertos_startup_lpc82x.s
      At line 155 in file keil_freertos_startup_lpc82x.s

Reset_Handler 00000000

Symbol: Reset_Handler
   Definitions
      At line 127 in file keil_freertos_startup_lpc82x.s
   Uses
      At line 56 in file keil_freertos_startup_lpc82x.s
      At line 128 in file keil_freertos_startup_lpc82x.s

SCT_IRQHandler 0000000C

Symbol: SCT_IRQHandler
   Definitions
      At line 196 in file keil_freertos_startup_lpc82x.s
   Uses
      At line 82 in file keil_freertos_startup_lpc82x.s
      At line 172 in file keil_freertos_startup_lpc82x.s



ARM Macro Assembler    Page 4 Alphabetic symbol ordering
Relocatable symbols


SPI0_IRQHandler 0000000C

Symbol: SPI0_IRQHandler
   Definitions
      At line 190 in file keil_freertos_startup_lpc82x.s
   Uses
      At line 73 in file keil_freertos_startup_lpc82x.s
      At line 166 in file keil_freertos_startup_lpc82x.s

SPI1_IRQHandler 0000000C

Symbol: SPI1_IRQHandler
   Definitions
      At line 191 in file keil_freertos_startup_lpc82x.s
   Uses
      At line 74 in file keil_freertos_startup_lpc82x.s
      At line 167 in file keil_freertos_startup_lpc82x.s

SVC_Handler 00000006

Symbol: SVC_Handler
   Definitions
      At line 150 in file keil_freertos_startup_lpc82x.s
   Uses
      At line 66 in file keil_freertos_startup_lpc82x.s
      At line 151 in file keil_freertos_startup_lpc82x.s

SysTick_Handler 0000000A

Symbol: SysTick_Handler
   Definitions
      At line 158 in file keil_freertos_startup_lpc82x.s
   Uses
      At line 70 in file keil_freertos_startup_lpc82x.s
      At line 159 in file keil_freertos_startup_lpc82x.s

UART0_IRQHandler 0000000C

Symbol: UART0_IRQHandler
   Definitions
      At line 192 in file keil_freertos_startup_lpc82x.s
   Uses
      At line 76 in file keil_freertos_startup_lpc82x.s
      At line 168 in file keil_freertos_startup_lpc82x.s

UART1_IRQHandler 0000000C

Symbol: UART1_IRQHandler
   Definitions
      At line 193 in file keil_freertos_startup_lpc82x.s
   Uses
      At line 77 in file keil_freertos_startup_lpc82x.s
      At line 169 in file keil_freertos_startup_lpc82x.s

UART2_IRQHandler 0000000C

Symbol: UART2_IRQHandler
   Definitions



ARM Macro Assembler    Page 5 Alphabetic symbol ordering
Relocatable symbols

      At line 194 in file keil_freertos_startup_lpc82x.s
   Uses
      At line 78 in file keil_freertos_startup_lpc82x.s
      At line 170 in file keil_freertos_startup_lpc82x.s

WDT_IRQHandler 0000000C

Symbol: WDT_IRQHandler
   Definitions
      At line 199 in file keil_freertos_startup_lpc82x.s
   Uses
      At line 85 in file keil_freertos_startup_lpc82x.s
      At line 175 in file keil_freertos_startup_lpc82x.s

WKT_IRQHandler 0000000C

Symbol: WKT_IRQHandler
   Definitions
      At line 202 in file keil_freertos_startup_lpc82x.s
   Uses
      At line 88 in file keil_freertos_startup_lpc82x.s
      At line 178 in file keil_freertos_startup_lpc82x.s

29 symbols



ARM Macro Assembler    Page 1 Alphabetic symbol ordering
Absolute symbols

CRP_Level FFFFFFFF

Symbol: CRP_Level
   Definitions
      At line 114 in file keil_freertos_startup_lpc82x.s
   Uses
      At line 118 in file keil_freertos_startup_lpc82x.s
Comment: CRP_Level used once
Heap_Size 00000600

Symbol: Heap_Size
   Definitions
      At line 38 in file keil_freertos_startup_lpc82x.s
   Uses
      At line 42 in file keil_freertos_startup_lpc82x.s
Comment: Heap_Size used once
Stack_Size 00000200

Symbol: Stack_Size
   Definitions
      At line 27 in file keil_freertos_startup_lpc82x.s
   Uses
      At line 30 in file keil_freertos_startup_lpc82x.s
Comment: Stack_Size used once
3 symbols



ARM Macro Assembler    Page 1 Alphabetic symbol ordering
External symbols

SystemInit 00000000

Symbol: SystemInit
   Definitions
      At line 129 in file keil_freertos_startup_lpc82x.s
   Uses
      None
Comment: SystemInit unused
__main 00000000

Symbol: __main
   Definitions
      At line 130 in file keil_freertos_startup_lpc82x.s
   Uses
      At line 133 in file keil_freertos_startup_lpc82x.s
Comment: __main used once
2 symbols
382 symbols in table
